# JRE version: Java(TM) SE Runtime Environment (17.0.12+8) (build 17.0.12+8-LTS-286)
# Java VM: Java HotSpot(TM) 64-Bit Server VM (17.0.12+8-LTS-286, mixed mode, emulated-client, sharing, tiered, compressed oops, compressed class ptrs, g1 gc, windows-amd64)
GC Precious Log:
 CPUs: 4 total, 4 available
 Memory: 3902M
 Large Page Support: Disabled
 NUMA Support: Disabled
 Compressed Oops: Enabled (32-bit)
 Heap Region Size: 1M
 Heap Min Capacity: 8M
 Heap Initial Capacity: 62M
 Heap Max Capacity: 976M
 Pre-touch: Disabled
 Parallel Workers: 4
 Concurrent Workers: 1
 Concurrent Refinement Workers: 4
 Periodic GC: Disabled
Heap:
 garbage-first heap   total 66560K, used 47304K [0x00000000c3000000, 0x0000000100000000)
  region size 1024K, 23 young (23552K), 4 survivors (4096K)
 Metaspace       used 65498K, committed 66048K, reserved 1114112K
  class space    used 9420K, committed 9664K, reserved 1048576K
GC Heap History (20 events):
Event: 4.352 GC heap before
{Heap before GC invocations=6 (full 0):
 garbage-first heap   total 55296K, used 42844K [0x00000000c3000000, 0x0000000100000000)
  region size 1024K, 32 young (32768K), 4 survivors (4096K)
 Metaspace       used 24728K, committed 25088K, reserved 1114112K
  class space    used 3445K, committed 3584K, reserved 1048576K
}
Event: 4.362 GC heap after
{Heap after GC invocations=7 (full 0):
 garbage-first heap   total 55296K, used 16176K [0x00000000c3000000, 0x0000000100000000)
  region size 1024K, 3 young (3072K), 3 survivors (3072K)
 Metaspace       used 24728K, committed 25088K, reserved 1114112K
  class space    used 3445K, committed 3584K, reserved 1048576K
}
Event: 5.014 GC heap before
{Heap before GC invocations=7 (full 0):
 garbage-first heap   total 55296K, used 37680K [0x00000000c3000000, 0x0000000100000000)
  region size 1024K, 24 young (24576K), 3 survivors (3072K)
 Metaspace       used 28091K, committed 28608K, reserved 1114112K
  class space    used 3976K, committed 4224K, reserved 1048576K
}
Event: 5.024 GC heap after
{Heap after GC invocations=8 (full 0):
 garbage-first heap   total 55296K, used 18540K [0x00000000c3000000, 0x0000000100000000)
  region size 1024K, 3 young (3072K), 3 survivors (3072K)
 Metaspace       used 28091K, committed 28608K, reserved 1114112K
  class space    used 3976K, committed 4224K, reserved 1048576K
}
Event: 5.606 GC heap before
{Heap before GC invocations=8 (full 0):
 garbage-first heap   total 55296K, used 37996K [0x00000000c3000000, 0x0000000100000000)
  region size 1024K, 23 young (23552K), 3 survivors (3072K)
 Metaspace       used 31007K, committed 31488K, reserved 1114112K
  class space    used 4379K, committed 4608K, reserved 1048576K
}
Event: 5.612 GC heap after
{Heap after GC invocations=9 (full 0):
 garbage-first heap   total 55296K, used 19883K [0x00000000c3000000, 0x0000000100000000)
  region size 1024K, 2 young (2048K), 2 survivors (2048K)
 Metaspace       used 31007K, committed 31488K, reserved 1114112K
  class space    used 4379K, committed 4608K, reserved 1048576K
}
Event: 6.346 GC heap before
{Heap before GC invocations=9 (full 0):
 garbage-first heap   total 55296K, used 39339K [0x00000000c3000000, 0x0000000100000000)
  region size 1024K, 22 young (22528K), 2 survivors (2048K)
 Metaspace       used 35561K, committed 35968K, reserved 1114112K
  class space    used 5043K, committed 5248K, reserved 1048576K
}
Event: 6.351 GC heap after
{Heap after GC invocations=10 (full 0):
 garbage-first heap   total 55296K, used 20562K [0x00000000c3000000, 0x0000000100000000)
  region size 1024K, 3 young (3072K), 3 survivors (3072K)
 Metaspace       used 35561K, committed 35968K, reserved 1114112K
  class space    used 5043K, committed 5248K, reserved 1048576K
}
Event: 6.871 GC heap before
{Heap before GC invocations=11 (full 0):
 garbage-first heap   total 55296K, used 41042K [0x00000000c3000000, 0x0000000100000000)
  region size 1024K, 23 young (23552K), 3 survivors (3072K)
 Metaspace       used 40328K, committed 40832K, reserved 1114112K
  class space    used 5757K, committed 6016K, reserved 1048576K
}
Event: 6.876 GC heap after
{Heap after GC invocations=12 (full 0):
 garbage-first heap   total 55296K, used 22427K [0x00000000c3000000, 0x0000000100000000)
  region size 1024K, 3 young (3072K), 3 survivors (3072K)
 Metaspace       used 40328K, committed 40832K, reserved 1114112K
  class space    used 5757K, committed 6016K, reserved 1048576K
}
Event: 7.880 GC heap before
{Heap before GC invocations=12 (full 0):
 garbage-first heap   total 55296K, used 39835K [0x00000000c3000000, 0x0000000100000000)
  region size 1024K, 21 young (21504K), 3 survivors (3072K)
 Metaspace       used 47486K, committed 47936K, reserved 1114112K
  class space    used 6696K, committed 6912K, reserved 1048576K
}
Event: 7.886 GC heap after
{Heap after GC invocations=13 (full 0):
 garbage-first heap   total 66560K, used 23892K [0x00000000c3000000, 0x0000000100000000)
  region size 1024K, 2 young (2048K), 2 survivors (2048K)
 Metaspace       used 47486K, committed 47936K, reserved 1114112K
  class space    used 6696K, committed 6912K, reserved 1048576K
}
Event: 8.447 GC heap before
{Heap before GC invocations=13 (full 0):
 garbage-first heap   total 66560K, used 48468K [0x00000000c3000000, 0x0000000100000000)
  region size 1024K, 27 young (27648K), 2 survivors (2048K)
 Metaspace       used 53913K, committed 54464K, reserved 1114112K
  class space    used 7596K, committed 7872K, reserved 1048576K
}
Event: 8.452 GC heap after
{Heap after GC invocations=14 (full 0):
 garbage-first heap   total 66560K, used 24894K [0x00000000c3000000, 0x0000000100000000)
  region size 1024K, 3 young (3072K), 3 survivors (3072K)
 Metaspace       used 53913K, committed 54464K, reserved 1114112K
  class space    used 7596K, committed 7872K, reserved 1048576K
}
Event: 9.059 GC heap before
{Heap before GC invocations=14 (full 0):
 garbage-first heap   total 66560K, used 49470K [0x00000000c3000000, 0x0000000100000000)
  region size 1024K, 28 young (28672K), 3 survivors (3072K)
 Metaspace       used 59405K, committed 60032K, reserved 1114112K
  class space    used 8519K, committed 8832K, reserved 1048576K
}
Event: 9.065 GC heap after
{Heap after GC invocations=15 (full 0):
 garbage-first heap   total 66560K, used 26190K [0x00000000c3000000, 0x0000000100000000)
  region size 1024K, 3 young (3072K), 3 survivors (3072K)
 Metaspace       used 59405K, committed 60032K, reserved 1114112K
  class space    used 8519K, committed 8832K, reserved 1048576K
}
Event: 9.137 GC heap before
{Heap before GC invocations=15 (full 0):
 garbage-first heap   total 66560K, used 29262K [0x00000000c3000000, 0x0000000100000000)
  region size 1024K, 7 young (7168K), 3 survivors (3072K)
 Metaspace       used 59952K, committed 60480K, reserved 1114112K
  class space    used 8563K, committed 8832K, reserved 1048576K
}
Event: 9.142 GC heap after
{Heap after GC invocations=16 (full 0):
 garbage-first heap   total 66560K, used 26673K [0x00000000c3000000, 0x0000000100000000)
  region size 1024K, 2 young (2048K), 2 survivors (2048K)
 Metaspace       used 59952K, committed 60480K, reserved 1114112K
  class space    used 8563K, committed 8832K, reserved 1048576K
}
Event: 9.799 GC heap before
{Heap before GC invocations=17 (full 0):
 garbage-first heap   total 66560K, used 49201K [0x00000000c3000000, 0x0000000100000000)
  region size 1024K, 25 young (25600K), 2 survivors (2048K)
 Metaspace       used 63021K, committed 63680K, reserved 1114112K
  class space    used 9052K, committed 9344K, reserved 1048576K
}
Event: 9.805 GC heap after
{Heap after GC invocations=18 (full 0):
 garbage-first heap   total 66560K, used 28872K [0x00000000c3000000, 0x0000000100000000)
  region size 1024K, 4 young (4096K), 4 survivors (4096K)
 Metaspace       used 63021K, committed 63680K, reserved 1114112K
  class space    used 9052K, committed 9344K, reserved 1048576K
}

